<?xml version="1.0" encoding="UTF-8" ?>
<testsuite failures="0" time="0.498" errors="0" skipped="0" tests="15" name="dhu.edu.cn.AddressBook2Test">
  <properties>
[...]
</properties>
  <testcase time="0.002" classname="dhu.edu.cn.AddressBook2Test" name="testApp"/>
  <testcase time="0.126" classname="dhu.edu.cn.AddressBook2Test" name="testOperatorHELP"/>
  <testcase time="0.015" classname="dhu.edu.cn.AddressBook2Test" name="testOperatorLS1"/>
  <testcase time="0.027" classname="dhu.edu.cn.AddressBook2Test" name="testOperatorLS2"/>
  <testcase time="0.019" classname="dhu.edu.cn.AddressBook2Test" name="testOperatorCD1"/>
  <testcase time="0" classname="dhu.edu.cn.AddressBook2Test" name="testOperatorCD2"/>
  <testcase time="0.02" classname="dhu.edu.cn.AddressBook2Test" name="testOperatorCD3"/>
  <testcase time="0.037" classname="dhu.edu.cn.AddressBook2Test" name="testOperatorCAT1"/>
  <testcase time="0.016" classname="dhu.edu.cn.AddressBook2Test" name="testOperatorCAT2"/>
  <testcase time="0.018" classname="dhu.edu.cn.AddressBook2Test" name="testOperatorCAT3"/>
  <testcase time="0.017" classname="dhu.edu.cn.AddressBook2Test" name="testOperatorADD1"/>
  <testcase time="0.015" classname="dhu.edu.cn.AddressBook2Test" name="testOperatorADD2"/>
  <testcase time="0.013" classname="dhu.edu.cn.AddressBook2Test" name="testOperatorADD3"/>
  <testcase time="0.015" classname="dhu.edu.cn.AddressBook2Test" name="testOperatorREMOVE1"/>
  <testcase time="0.018" classname="dhu.edu.cn.AddressBook2Test" name="testOperatorREMOVE2"/>
</testsuite>